<?xml version="1.0" encoding="UTF-8"?>
<Site BuildName="(empty)"
	BuildStamp="20260809-0238-Experimental"
	Name="(empty)"
	Generator="ctest-4.3.1-msvc1"
	CompilerName=""
	CompilerVersion=""
	OSName="Windows"
	Hostname="DESKTOP-BAPH48N"
	OSRelease="10.0.19045"
	OSVersion="Windows 10"
	OSPlatform="AMD64"
	Is64Bits="1"
	VendorString="GenuineIntel"
	VendorID="Intel Corporation"
	FamilyID="6"
	ModelID="5"
	ModelName=""
	ProcessorCacheSize="-1"
	NumberOfLogicalCPU="8"
	NumberOfPhysicalCPU="4"
	TotalVirtualMemory="2944"
	TotalPhysicalMemory="16219"
	LogicalProcessorsPerPhysical="2"
	ProcessorClockFrequency="2496.000000"
	>
	<Testing>
		<StartDateTime>Aug 09 08:24 Nepal Standard Time</StartDateTime>
		<StartTestTime>1786243156</StartTestTime>
		<TestList/>
		<EndDateTime>Aug 09 08:24 Nepal Standard Time</EndDateTime>
		<EndTestTime>1786243156</EndTestTime>
		<ElapsedMinutes>0</ElapsedMinutes>
	</Testing>
</Site>
